+0.0ns POS: x=1861.23, y=2010, z=0; VEL:12.0134, y=0, z=0
+0.0ns POS: x=1534.18, y=2010, z=0; VEL:11.9324, y=0, z=0
+0.0ns POS: x=1784.06, y=676.667, z=0; VEL:-11.9511, y=0, z=0
+0.0ns POS: x=1436.61, y=1343.33, z=0; VEL:-12.0103, y=0, z=0
+0.0ns POS: x=1126.35, y=676.667, z=0; VEL:-12.1847, y=0, z=0
+0.0ns POS: x=10, y=1715.89, z=0; VEL:0, y=-12.2072, z=0
+0.0ns POS: x=2010, y=180.262, z=0; VEL:0, y=12.2058, z=0
+0.0ns POS: x=599.311, y=2010, z=0; VEL:11.7962, y=0, z=0
+0.0ns POS: x=2010, y=329.531, z=0; VEL:0, y=11.7517, z=0
+0.0ns POS: x=10, y=1667.25, z=0; VEL:0, y=-12.092, z=0
+0.0ns POS: x=2010, y=1346.27, z=0; VEL:0, y=11.9062, z=0
+0.0ns POS: x=251.728, y=2010, z=0; VEL:11.6333, y=0, z=0
+0.0ns POS: x=676.667, y=1168.82, z=0; VEL:0, y=11.9203, z=0
+0.0ns POS: x=1343.33, y=928.41, z=0; VEL:0, y=11.7244, z=0
+0.0ns POS: x=2010, y=752.556, z=0; VEL:0, y=11.9309, z=0
+0.0ns POS: x=1095.1, y=10, z=0; VEL:11.7898, y=0, z=0
+0.0ns POS: x=1519.5, y=676.667, z=0; VEL:-12.029, y=0, z=0
+0.0ns POS: x=561.644, y=676.667, z=0; VEL:-11.7496, y=0, z=0
+0.0ns POS: x=676.667, y=1897.36, z=0; VEL:0, y=-11.8932, z=0
+0.0ns POS: x=10, y=555.725, z=0; VEL:0, y=-12.0397, z=0
+0.0ns POS: x=2010, y=1482.42, z=0; VEL:0, y=-11.9385, z=0
+0.0ns POS: x=676.667, y=1330.36, z=0; VEL:0, y=-11.7397, z=0
+0.0ns POS: x=676.667, y=1877.13, z=0; VEL:0, y=-11.8902, z=0
+0.0ns POS: x=2010, y=36.4916, z=0; VEL:0, y=-12.6193, z=0
+0.0ns POS: x=676.667, y=1405.53, z=0; VEL:0, y=11.9032, z=0
+0.0ns POS: x=1343.33, y=701.544, z=0; VEL:0, y=-11.8566, z=0
+0.0ns POS: x=1280.64, y=1343.33, z=0; VEL:12.3522, y=0, z=0
+0.0ns POS: x=1859.76, y=1343.33, z=0; VEL:12.1138, y=0, z=0
+0.0ns POS: x=1005.14, y=10, z=0; VEL:-11.8761, y=0, z=0
+0.0ns POS: x=1199.02, y=1343.33, z=0; VEL:-12.1115, y=0, z=0
+0.0ns POS: x=2010, y=474.734, z=0; VEL:0, y=11.7538, z=0
+0.0ns POS: x=124.697, y=2010, z=0; VEL:12.3172, y=0, z=0
+22555375.0ns POS: x=1534.45, y=2010, z=0; VEL:0, y=0, z=0
+22555375.0ns POS: x=1534.45, y=2010, z=0; VEL:12.2102, y=0, z=0
+204301554.0ns POS: x=1343.33, y=930.805, z=0; VEL:0, y=11.8691, z=0
+306237311.0ns POS: x=2010, y=1349.91, z=0; VEL:0, y=0, z=0
+306237311.0ns POS: x=2010, y=1349.91, z=0; VEL:0, y=11.8875, z=0
+535704294.0ns POS: x=2010, y=1476.02, z=0; VEL:0, y=0, z=0
+535704294.0ns POS: x=2010, y=1476.02, z=0; VEL:0, y=-12.0369, z=0
+538542971.0ns POS: x=1287.29, y=1343.33, z=0; VEL:0, y=0, z=0
+538542971.0ns POS: x=1287.29, y=1343.33, z=0; VEL:12.0893, y=0, z=0
+587320809.0ns POS: x=1343.33, y=694.581, z=0; VEL:0, y=0, z=0
+587320809.0ns POS: x=1343.33, y=694.581, z=0; VEL:0, y=-11.6211, z=0
+711338914.0ns POS: x=2010, y=761.042, z=0; VEL:0, y=0, z=0
+711338914.0ns POS: x=2010, y=761.042, z=0; VEL:0, y=12.1982, z=0
+726096254.0ns POS: x=1510.77, y=676.667, z=0; VEL:0, y=0, z=0
+726096254.0ns POS: x=1510.77, y=676.667, z=0; VEL:-11.9891, y=0, z=0
+726845730.0ns POS: x=2010, y=1354.91, z=0; VEL:0, y=0, z=0
+726845730.0ns POS: x=2010, y=1354.91, z=0; VEL:0, y=11.811, z=0
+817255808.0ns POS: x=10, y=545.886, z=0; VEL:0, y=0, z=0
+817255808.0ns POS: x=10, y=545.886, z=0; VEL:0, y=-11.8187, z=0
+836184846.0ns POS: x=2010, y=25.9395, z=0; VEL:0, y=0, z=0
+836184846.0ns POS: x=2010, y=25.9395, z=0; VEL:0, y=-12.1649, z=0
+856026420.0ns POS: x=10, y=1656.9, z=0; VEL:0, y=0, z=0
+856026420.0ns POS: x=10, y=1656.9, z=0; VEL:0, y=-11.7596, z=0
+904389272.0ns POS: x=994.402, y=10, z=0; VEL:0, y=0, z=0
+904389272.0ns POS: x=994.402, y=10, z=0; VEL:-11.8967, y=0, z=0
+1004948853.0ns POS: x=676.667, y=1318.56, z=0; VEL:0, y=0, z=0
+1004948853.0ns POS: x=676.667, y=1318.56, z=0; VEL:0, y=-11.7642, z=0
+1162622073.0ns POS: x=2010, y=488.399, z=0; VEL:0, y=0, z=0
+1162622073.0ns POS: x=2010, y=488.399, z=0; VEL:0, y=12.3207, z=0
+1243683109.0ns POS: x=613.982, y=2010, z=0; VEL:0, y=0, z=0
+1243683109.0ns POS: x=613.982, y=2010, z=0; VEL:11.8669, y=0, z=0
+1276905081.0ns POS: x=1110.16, y=10, z=0; VEL:0, y=0, z=0
+1276905081.0ns POS: x=1110.16, y=10, z=0; VEL:12.4421, y=0, z=0
+1339612789.0ns POS: x=1768.05, y=676.667, z=0; VEL:0, y=0, z=0
+1339612789.0ns POS: x=1768.05, y=676.667, z=0; VEL:-11.4696, y=0, z=0
+1365717997.0ns POS: x=1297.29, y=1343.33, z=0; VEL:0, y=0, z=0
+1365717997.0ns POS: x=1297.29, y=1343.33, z=0; VEL:11.8162, y=0, z=0
+1374300998.0ns POS: x=2010, y=197.037, z=0; VEL:0, y=0, z=0
+1374300998.0ns POS: x=2010, y=197.037, z=0; VEL:0, y=11.8449, z=0
+1560186518.0ns POS: x=1500.77, y=676.667, z=0; VEL:0, y=0, z=0
+1560186518.0ns POS: x=1500.77, y=676.667, z=0; VEL:-11.4787, y=0, z=0
+1573511899.0ns POS: x=2010, y=1364.91, z=0; VEL:0, y=0, z=0
+1573511899.0ns POS: x=2010, y=1364.91, z=0; VEL:0, y=11.9417, z=0
+1637229339.0ns POS: x=1879.59, y=1343.33, z=0; VEL:0, y=0, z=0
+1637229339.0ns POS: x=1879.59, y=1343.33, z=0; VEL:12.0082, y=0, z=0
+1658792218.0ns POS: x=1416.69, y=1343.33, z=0; VEL:0, y=0, z=0
+1658792218.0ns POS: x=1416.69, y=1343.33, z=0; VEL:-12.4748, y=0, z=0
+1665023542.0ns POS: x=618.982, y=2010, z=0; VEL:0, y=0, z=0
+1665023542.0ns POS: x=618.982, y=2010, z=0; VEL:11.6155, y=0, z=0
+1678766975.0ns POS: x=1115.16, y=10, z=0; VEL:0, y=0, z=0
+1678766975.0ns POS: x=1115.16, y=10, z=0; VEL:11.9697, y=0, z=0
+1685440133.0ns POS: x=1178.6, y=1343.33, z=0; VEL:0, y=0, z=0
+1685440133.0ns POS: x=1178.6, y=1343.33, z=0; VEL:-11.8039, y=0, z=0
+1758382303.0ns POS: x=1882.35, y=2010, z=0; VEL:0, y=0, z=0
+1758382303.0ns POS: x=1882.35, y=2010, z=0; VEL:11.987, y=0, z=0
+1775548811.0ns POS: x=1763.05, y=676.667, z=0; VEL:0, y=0, z=0
+1775548811.0ns POS: x=1763.05, y=676.667, z=0; VEL:-12.3814, y=0, z=0
+1780936513.0ns POS: x=2010, y=350.46, z=0; VEL:0, y=0, z=0
+1780936513.0ns POS: x=2010, y=350.46, z=0; VEL:0, y=11.8181, z=0
+1802070363.0ns POS: x=676.667, y=1426.98, z=0; VEL:0, y=0, z=0
+1802070363.0ns POS: x=676.667, y=1426.98, z=0; VEL:0, y=12.1285, z=0
+1854983626.0ns POS: x=676.667, y=1308.56, z=0; VEL:0, y=0, z=0
+1854983626.0ns POS: x=676.667, y=1308.56, z=0; VEL:0, y=-12.2462, z=0
+1878076200.0ns POS: x=1343.33, y=679.581, z=0; VEL:0, y=0, z=0
+1878076200.0ns POS: x=1343.33, y=679.581, z=0; VEL:0, y=-11.9765, z=0
+1889355445.0ns POS: x=1343.33, y=950.805, z=0; VEL:0, y=0, z=0
+1889355445.0ns POS: x=1343.33, y=950.805, z=0; VEL:0, y=11.9254, z=0
+1995776497.0ns POS: x=1495.77, y=676.667, z=0; VEL:0, y=0, z=0
+1995776497.0ns POS: x=1495.77, y=676.667, z=0; VEL:-12.0891, y=0, z=0
+2002348321.0ns POS: x=676.667, y=1873.55, z=0; VEL:0, y=0, z=0
+2002348321.0ns POS: x=676.667, y=1873.55, z=0; VEL:0, y=-11.8038, z=0
+2059599998.0ns POS: x=1411.69, y=1343.33, z=0; VEL:0, y=0, z=0
+2059599998.0ns POS: x=1411.69, y=1343.33, z=0; VEL:-11.8631, y=0, z=0
+2109029257.0ns POS: x=1173.6, y=1343.33, z=0; VEL:0, y=0, z=0
+2109029257.0ns POS: x=1173.6, y=1343.33, z=0; VEL:-11.9431, y=0, z=0
+2146472025.0ns POS: x=2010, y=10, z=0; VEL:0, y=0, z=0
+2146472025.0ns POS: x=2010, y=10, z=0; VEL:-12.1649, y=0, z=0
+2263273880.0ns POS: x=676.667, y=1303.56, z=0; VEL:0, y=0, z=0
+2263273880.0ns POS: x=676.667, y=1303.56, z=0; VEL:0, y=-11.6771, z=0
+2308628359.0ns POS: x=1343.33, y=955.805, z=0; VEL:0, y=0, z=0
+2308628359.0ns POS: x=1343.33, y=955.805, z=0; VEL:0, y=11.9134, z=0
+2315321111.0ns POS: x=676.667, y=1849.6, z=0; VEL:0, y=0, z=0
+2315321111.0ns POS: x=676.667, y=1849.6, z=0; VEL:0, y=-12.0677, z=0
+2322416835.0ns POS: x=676.667, y=1196.5, z=0; VEL:0, y=0, z=0
+2322416835.0ns POS: x=676.667, y=1196.5, z=0; VEL:0, y=12.0528, z=0
+2350920582.0ns POS: x=2010, y=781.042, z=0; VEL:0, y=0, z=0
+2350920582.0ns POS: x=2010, y=781.042, z=0; VEL:0, y=11.9119, z=0
+2480256949.0ns POS: x=2005.94, y=10, z=0; VEL:0, y=0, z=0
+2480256949.0ns POS: x=2005.94, y=10, z=0; VEL:-12.0519, y=0, z=0
+2556758896.0ns POS: x=10, y=1636.9, z=0; VEL:0, y=0, z=0
+2556758896.0ns POS: x=10, y=1636.9, z=0; VEL:0, y=-12.0177, z=0
+2592621314.0ns POS: x=1892.35, y=2010, z=0; VEL:0, y=0, z=0
+2592621314.0ns POS: x=1892.35, y=2010, z=0; VEL:11.7716, y=0, z=0
+2612650029.0ns POS: x=2010, y=1451.02, z=0; VEL:0, y=0, z=0
+2612650029.0ns POS: x=2010, y=1451.02, z=0; VEL:0, y=-12.477, z=0
+2640671979.0ns POS: x=2010, y=212.037, z=0; VEL:0, y=0, z=0
+2640671979.0ns POS: x=2010, y=212.037, z=0; VEL:0, y=12.1925, z=0
+2729649098.0ns POS: x=676.667, y=1844.6, z=0; VEL:0, y=0, z=0
+2729649098.0ns POS: x=676.667, y=1844.6, z=0; VEL:0, y=-11.964, z=0
+2737256810.0ns POS: x=676.667, y=1201.5, z=0; VEL:0, y=0, z=0
+2737256810.0ns POS: x=676.667, y=1201.5, z=0; VEL:0, y=12.254, z=0
+2829611747.0ns POS: x=2010, y=1379.91, z=0; VEL:0, y=0, z=0
+2829611747.0ns POS: x=2010, y=1379.91, z=0; VEL:0, y=12.0831, z=0
+2895129355.0ns POS: x=2000.94, y=10, z=0; VEL:0, y=0, z=0
+2895129355.0ns POS: x=2000.94, y=10, z=0; VEL:-12.4328, y=0, z=0
+2902547764.0ns POS: x=1401.69, y=1343.33, z=0; VEL:0, y=0, z=0
+2902547764.0ns POS: x=1401.69, y=1343.33, z=0; VEL:-12.0034, y=0, z=0
+2932547664.0ns POS: x=10, y=520.886, z=0; VEL:0, y=0, z=0
+2932547664.0ns POS: x=10, y=520.886, z=0; VEL:0, y=-11.9614, z=0
+2956396254.0ns POS: x=633.982, y=2010, z=0; VEL:0, y=0, z=0
+2956396254.0ns POS: x=633.982, y=2010, z=0; VEL:12.234, y=0, z=0
+2987040545.0ns POS: x=1748.05, y=676.667, z=0; VEL:0, y=0, z=0
+2987040545.0ns POS: x=1748.05, y=676.667, z=0; VEL:-12.1075, y=0, z=0
+3017374188.0ns POS: x=1897.35, y=2010, z=0; VEL:0, y=0, z=0
+3017374188.0ns POS: x=1897.35, y=2010, z=0; VEL:11.8331, y=0, z=0
+3130525389.0ns POS: x=1343.33, y=664.581, z=0; VEL:0, y=0, z=0
+3130525389.0ns POS: x=1343.33, y=664.581, z=0; VEL:0, y=-12.1899, z=0
+3145287097.0ns POS: x=676.667, y=1206.5, z=0; VEL:0, y=0, z=0
+3145287097.0ns POS: x=676.667, y=1206.5, z=0; VEL:0, y=11.8025, z=0
+3148018236.0ns POS: x=1343.33, y=965.805, z=0; VEL:0, y=0, z=0
+3148018236.0ns POS: x=1343.33, y=965.805, z=0; VEL:0, y=12.0655, z=0
+3350558511.0ns POS: x=10, y=515.886, z=0; VEL:0, y=0, z=0
+3350558511.0ns POS: x=10, y=515.886, z=0; VEL:0, y=-11.9741, z=0
+3351553737.0ns POS: x=165.979, y=2010, z=0; VEL:0, y=0, z=0
+3351553737.0ns POS: x=165.979, y=2010, z=0; VEL:11.8242, y=0, z=0
+3365094397.0ns POS: x=638.982, y=2010, z=0; VEL:0, y=0, z=0
+3365094397.0ns POS: x=638.982, y=2010, z=0; VEL:11.7445, y=0, z=0
+3368193642.0ns POS: x=290.911, y=2010, z=0; VEL:0, y=0, z=0
+3368193642.0ns POS: x=290.911, y=2010, z=0; VEL:12.0284, y=0, z=0
+3414126099.0ns POS: x=2010, y=1441.02, z=0; VEL:0, y=0, z=0
+3414126099.0ns POS: x=2010, y=1441.02, z=0; VEL:0, y=-12.1693, z=0
+3451077423.0ns POS: x=676.667, y=1446.98, z=0; VEL:0, y=0, z=0
+3451077423.0ns POS: x=676.667, y=1446.98, z=0; VEL:0, y=12.2047, z=0
+3460848465.0ns POS: x=2010, y=222.037, z=0; VEL:0, y=0, z=0
+3460848465.0ns POS: x=2010, y=222.037, z=0; VEL:0, y=12.1218, z=0
+3540702337.0ns POS: x=1343.33, y=659.581, z=0; VEL:0, y=0, z=0
+3540702337.0ns POS: x=1343.33, y=659.581, z=0; VEL:0, y=-11.7548, z=0
+3547843922.0ns POS: x=676.667, y=1288.56, z=0; VEL:0, y=0, z=0
+3547843922.0ns POS: x=676.667, y=1288.56, z=0; VEL:0, y=-12.1794, z=0
+3597555823.0ns POS: x=2010, y=518.399, z=0; VEL:0, y=0, z=0
+3597555823.0ns POS: x=2010, y=518.399, z=0; VEL:0, y=11.7753, z=0
+3767381213.0ns POS: x=1140.16, y=10, z=0; VEL:0, y=0, z=0
+3767381213.0ns POS: x=1140.16, y=10, z=0; VEL:11.8888, y=0, z=0
+3783631135.0ns POS: x=1153.6, y=1343.33, z=0; VEL:0, y=0, z=0
+3783631135.0ns POS: x=1153.6, y=1343.33, z=0; VEL:-11.9075, y=0, z=0
+3812975732.0ns POS: x=1738.05, y=676.667, z=0; VEL:0, y=0, z=0
+3812975732.0ns POS: x=1738.05, y=676.667, z=0; VEL:-12.2379, y=0, z=0
+3824997134.0ns POS: x=2010, y=1436.02, z=0; VEL:0, y=0, z=0
+3824997134.0ns POS: x=2010, y=1436.02, z=0; VEL:0, y=-12.0657, z=0
+3904604059.0ns POS: x=1327.29, y=1343.33, z=0; VEL:0, y=0, z=0
+3904604059.0ns POS: x=1327.29, y=1343.33, z=0; VEL:11.887, y=0, z=0
+3983415058.0ns POS: x=676.667, y=1829.6, z=0; VEL:0, y=0, z=0
+3983415058.0ns POS: x=676.667, y=1829.6, z=0; VEL:0, y=-12.1783, z=0
+4203535633.0ns POS: x=1148.6, y=1343.33, z=0; VEL:0, y=0, z=0
+4203535633.0ns POS: x=1148.6, y=1343.33, z=0; VEL:-11.9113, y=0, z=0
+4216557821.0ns POS: x=648.982, y=2010, z=0; VEL:0, y=0, z=0
+4216557821.0ns POS: x=648.982, y=2010, z=0; VEL:11.8852, y=0, z=0
+4266676773.0ns POS: x=954.402, y=10, z=0; VEL:0, y=0, z=0
+4266676773.0ns POS: x=954.402, y=10, z=0; VEL:-11.7779, y=0, z=0
+4270433762.0ns POS: x=676.667, y=1456.98, z=0; VEL:0, y=0, z=0
+4270433762.0ns POS: x=676.667, y=1456.98, z=0; VEL:0, y=12.0246, z=0
+4285807165.0ns POS: x=2010, y=232.037, z=0; VEL:0, y=0, z=0
+4285807165.0ns POS: x=2010, y=232.037, z=0; VEL:0, y=11.8732, z=0
+4315131960.0ns POS: x=10, y=1663.21, z=0; VEL:0, y=0, z=0
+4315131960.0ns POS: x=10, y=1663.21, z=0; VEL:0, y=-11.9134, z=0
+4325232462.0ns POS: x=1332.29, y=1343.33, z=0; VEL:0, y=0, z=0
+4325232462.0ns POS: x=1332.29, y=1343.33, z=0; VEL:11.9091, y=0, z=0
+4391233078.0ns POS: x=1343.33, y=980.805, z=0; VEL:0, y=0, z=0
+4391233078.0ns POS: x=1343.33, y=980.805, z=0; VEL:0, y=12.1369, z=0
+4526986934.0ns POS: x=1589.45, y=2010, z=0; VEL:0, y=0, z=0
+4526986934.0ns POS: x=1589.45, y=2010, z=0; VEL:12.2634, y=0, z=0
+4615243769.0ns POS: x=305.911, y=2010, z=0; VEL:0, y=0, z=0
+4615243769.0ns POS: x=305.911, y=2010, z=0; VEL:12.165, y=0, z=0
+4630108519.0ns POS: x=1728.05, y=676.667, z=0; VEL:0, y=0, z=0
+4630108519.0ns POS: x=1728.05, y=676.667, z=0; VEL:-12.1833, y=0, z=0
+4691201182.0ns POS: x=949.402, y=10, z=0; VEL:0, y=0, z=0
+4691201182.0ns POS: x=949.402, y=10, z=0; VEL:-12.188, y=0, z=0
+4985286622.0ns POS: x=1376.69, y=1343.33, z=0; VEL:0, y=0, z=0
+4985286622.0ns POS: x=1376.69, y=1343.33, z=0; VEL:-12.2238, y=0, z=0
+5026260518.0ns POS: x=310.911, y=2010, z=0; VEL:0, y=0, z=0
+5026260518.0ns POS: x=310.911, y=2010, z=0; VEL:11.9615, y=0, z=0
+5042997173.0ns POS: x=185.979, y=2010, z=0; VEL:0, y=0, z=0
+5042997173.0ns POS: x=185.979, y=2010, z=0; VEL:12.2965, y=0, z=0
+5068188539.0ns POS: x=2010, y=1421.02, z=0; VEL:0, y=0, z=0
+5068188539.0ns POS: x=2010, y=1421.02, z=0; VEL:0, y=-11.7541, z=0
+5130090827.0ns POS: x=1922.35, y=2010, z=0; VEL:0, y=0, z=0
+5130090827.0ns POS: x=1922.35, y=2010, z=0; VEL:11.9827, y=0, z=0
+5164929258.0ns POS: x=1342.29, y=1343.33, z=0; VEL:0, y=0, z=0
+5164929258.0ns POS: x=1342.29, y=1343.33, z=0; VEL:12.3579, y=0, z=0
+5342418901.0ns POS: x=1599.45, y=2010, z=0; VEL:0, y=0, z=0
+5342418901.0ns POS: x=1599.45, y=2010, z=0; VEL:12.0365, y=0, z=0
+5449631415.0ns POS: x=1160.16, y=10, z=0; VEL:0, y=0, z=0
+5449631415.0ns POS: x=1160.16, y=10, z=0; VEL:11.949, y=0, z=0
+5462838863.0ns POS: x=1133.6, y=1343.33, z=0; VEL:0, y=0, z=0
+5462838863.0ns POS: x=1133.6, y=1343.33, z=0; VEL:-12.0682, y=0, z=0
+5469141132.0ns POS: x=10, y=1601.9, z=0; VEL:0, y=0, z=0
+5469141132.0ns POS: x=10, y=1601.9, z=0; VEL:0, y=-11.8213, z=0
+5547357477.0ns POS: x=1927.35, y=2010, z=0; VEL:0, y=0, z=0
+5547357477.0ns POS: x=1927.35, y=2010, z=0; VEL:12.023, y=0, z=0
+5588656215.0ns POS: x=2010, y=395.46, z=0; VEL:0, y=0, z=0
+5588656215.0ns POS: x=2010, y=395.46, z=0; VEL:0, y=12.0026, z=0
+5625680169.0ns POS: x=676.667, y=1809.6, z=0; VEL:0, y=0, z=0
+5625680169.0ns POS: x=676.667, y=1809.6, z=0; VEL:0, y=-12.0731, z=0
+5710272331.0ns POS: x=1965.94, y=10, z=0; VEL:0, y=0, z=0
+5710272331.0ns POS: x=1965.94, y=10, z=0; VEL:-12.3439, y=0, z=0
+5718150899.0ns POS: x=1450.77, y=676.667, z=0; VEL:0, y=0, z=0
+5718150899.0ns POS: x=1450.77, y=676.667, z=0; VEL:-12.2535, y=0, z=0
+5801065827.0ns POS: x=1929.59, y=1343.33, z=0; VEL:0, y=0, z=0
+5801065827.0ns POS: x=1929.59, y=1343.33, z=0; VEL:12.1179, y=0, z=0
+5831579064.0ns POS: x=1055.29, y=676.667, z=0; VEL:0, y=0, z=0
+5831579064.0ns POS: x=1055.29, y=676.667, z=0; VEL:-12.0831, y=0, z=0
+5892104672.0ns POS: x=10, y=1596.9, z=0; VEL:0, y=0, z=0
+5892104672.0ns POS: x=10, y=1596.9, z=0; VEL:0, y=-12.4999, z=0
+5993907429.0ns POS: x=10, y=1643.21, z=0; VEL:0, y=0, z=0
+5993907429.0ns POS: x=10, y=1643.21, z=0; VEL:0, y=-11.9339, z=0
+6039101901.0ns POS: x=1343.33, y=1000.8, z=0; VEL:0, y=0, z=0
+6039101901.0ns POS: x=1343.33, y=1000.8, z=0; VEL:0, y=12.3451, z=0
+6115332260.0ns POS: x=1960.94, y=10, z=0; VEL:0, y=0, z=0
+6115332260.0ns POS: x=1960.94, y=10, z=0; VEL:-11.8835, y=0, z=0
+6212397622.0ns POS: x=1361.69, y=1343.33, z=0; VEL:0, y=0, z=0
+6212397622.0ns POS: x=1361.69, y=1343.33, z=0; VEL:-12.3076, y=0, z=0
+6213679050.0ns POS: x=1934.59, y=1343.33, z=0; VEL:0, y=0, z=0
+6213679050.0ns POS: x=1934.59, y=1343.33, z=0; VEL:12.1076, y=0, z=0
+6292106321.0ns POS: x=10, y=1591.9, z=0; VEL:0, y=0, z=0
+6292106321.0ns POS: x=10, y=1591.9, z=0; VEL:0, y=-12.0657, z=0
+6332162054.0ns POS: x=929.402, y=10, z=0; VEL:0, y=0, z=0
+6332162054.0ns POS: x=929.402, y=10, z=0; VEL:-12.0967, y=0, z=0
+6333042654.0ns POS: x=487.233, y=676.667, z=0; VEL:0, y=0, z=0
+6333042654.0ns POS: x=487.233, y=676.667, z=0; VEL:-12.1236, y=0, z=0
+6379096268.0ns POS: x=1937.35, y=2010, z=0; VEL:0, y=0, z=0
+6379096268.0ns POS: x=1937.35, y=2010, z=0; VEL:12.1185, y=0, z=0
+6412880691.0ns POS: x=10, y=1638.21, z=0; VEL:0, y=0, z=0
+6412880691.0ns POS: x=10, y=1638.21, z=0; VEL:0, y=-11.9261, z=0
+6453966600.0ns POS: x=676.667, y=1799.6, z=0; VEL:0, y=0, z=0
+6453966600.0ns POS: x=676.667, y=1799.6, z=0; VEL:0, y=-11.7129, z=0
+6545909658.0ns POS: x=676.667, y=2010, z=0; VEL:0, y=0, z=0
+6545909658.0ns POS: x=676.667, y=2010, z=0; VEL:0, y=-11.8852, z=0
+6548403286.0ns POS: x=2010, y=831.042, z=0; VEL:0, y=0, z=0
+6548403286.0ns POS: x=2010, y=831.042, z=0; VEL:0, y=11.976, z=0
+6682089472.0ns POS: x=1703.05, y=676.667, z=0; VEL:0, y=0, z=0
+6682089472.0ns POS: x=1703.05, y=676.667, z=0; VEL:-12.2237, y=0, z=0
+6740699679.0ns POS: x=676.667, y=2007.68, z=0; VEL:0, y=0, z=0
+6740699679.0ns POS: x=676.667, y=2007.68, z=0; VEL:0, y=-11.9427, z=0
+6745460063.0ns POS: x=482.233, y=676.667, z=0; VEL:0, y=0, z=0
+6745460063.0ns POS: x=482.233, y=676.667, z=0; VEL:-12.07, y=0, z=0
+6783327009.0ns POS: x=1362.29, y=1343.33, z=0; VEL:0, y=0, z=0
+6783327009.0ns POS: x=1362.29, y=1343.33, z=0; VEL:11.8029, y=0, z=0
+6791689169.0ns POS: x=1942.35, y=2010, z=0; VEL:0, y=0, z=0
+6791689169.0ns POS: x=1942.35, y=2010, z=0; VEL:12.2466, y=0, z=0
+6967608198.0ns POS: x=2010, y=1429.91, z=0; VEL:0, y=0, z=0
+6967608198.0ns POS: x=2010, y=1429.91, z=0; VEL:0, y=12.1104, z=0
+7431157498.0ns POS: x=1346.69, y=1343.33, z=0; VEL:0, y=0, z=0
+7431157498.0ns POS: x=1346.69, y=1343.33, z=0; VEL:-12.0792, y=0, z=0
+7509064507.0ns POS: x=676.667, y=1808.55, z=0; VEL:0, y=0, z=0
+7509064507.0ns POS: x=676.667, y=1808.55, z=0; VEL:0, y=-11.4669, z=0
+7620490725.0ns POS: x=2010, y=1391.02, z=0; VEL:0, y=0, z=0
+7620490725.0ns POS: x=2010, y=1391.02, z=0; VEL:0, y=-11.6151, z=0
+7843730048.0ns POS: x=2010, y=568.399, z=0; VEL:0, y=0, z=0
+7843730048.0ns POS: x=2010, y=568.399, z=0; VEL:0, y=12.1421, z=0
+7889337620.0ns POS: x=220.979, y=2010, z=0; VEL:0, y=0, z=0
+7889337620.0ns POS: x=220.979, y=2010, z=0; VEL:12.2494, y=0, z=0
+7900584905.0ns POS: x=1030.29, y=676.667, z=0; VEL:0, y=0, z=0
+7900584905.0ns POS: x=1030.29, y=676.667, z=0; VEL:-12.0338, y=0, z=0
+7960310474.0ns POS: x=1190.16, y=10, z=0; VEL:0, y=0, z=0
+7960310474.0ns POS: x=1190.16, y=10, z=0; VEL:11.9753, y=0, z=0
+8050963789.0ns POS: x=2010, y=1386.02, z=0; VEL:0, y=0, z=0
+8050963789.0ns POS: x=2010, y=1386.02, z=0; VEL:0, y=-11.8007, z=0
+8054198935.0ns POS: x=1377.29, y=1343.33, z=0; VEL:0, y=0, z=0
+8054198935.0ns POS: x=1377.29, y=1343.33, z=0; VEL:12.0301, y=0, z=0
+8166430036.0ns POS: x=1420.77, y=676.667, z=0; VEL:0, y=0, z=0
+8166430036.0ns POS: x=1420.77, y=676.667, z=0; VEL:-11.6755, y=0, z=0
+8219097949.0ns POS: x=1935.94, y=10, z=0; VEL:0, y=0, z=0
+8219097949.0ns POS: x=1935.94, y=10, z=0; VEL:-11.987, y=0, z=0
+8370336466.0ns POS: x=350.911, y=2010, z=0; VEL:0, y=0, z=0
+8370336466.0ns POS: x=350.911, y=2010, z=0; VEL:11.9083, y=0, z=0
+8428569176.0ns POS: x=676.667, y=1506.98, z=0; VEL:0, y=0, z=0
+8428569176.0ns POS: x=676.667, y=1506.98, z=0; VEL:0, y=12.0331, z=0
+8469824751.0ns POS: x=1382.29, y=1343.33, z=0; VEL:0, y=0, z=0
+8469824751.0ns POS: x=1382.29, y=1343.33, z=0; VEL:11.8937, y=0, z=0
+8588369837.0ns POS: x=676.667, y=1774.6, z=0; VEL:0, y=0, z=0
+8588369837.0ns POS: x=676.667, y=1774.6, z=0; VEL:0, y=-12.2406, z=0
+8636217211.0ns POS: x=1930.94, y=10, z=0; VEL:0, y=0, z=0
+8636217211.0ns POS: x=1930.94, y=10, z=0; VEL:-11.9887, y=0, z=0
+8778500279.0ns POS: x=10, y=1561.9, z=0; VEL:0, y=0, z=0
+8778500279.0ns POS: x=10, y=1561.9, z=0; VEL:0, y=-11.9719, z=0
+8884717377.0ns POS: x=676.667, y=1223.56, z=0; VEL:0, y=0, z=0
+8884717377.0ns POS: x=676.667, y=1223.56, z=0; VEL:0, y=-11.9741, z=0
+9022926259.0ns POS: x=1410.77, y=676.667, z=0; VEL:0, y=0, z=0
+9022926259.0ns POS: x=1410.77, y=676.667, z=0; VEL:-11.858, y=0, z=0
+9053275675.0ns POS: x=1925.94, y=10, z=0; VEL:0, y=0, z=0
+9053275675.0ns POS: x=1925.94, y=10, z=0; VEL:-12.2198, y=0, z=0
+9076223846.0ns POS: x=676.667, y=1276.5, z=0; VEL:0, y=0, z=0
+9076223846.0ns POS: x=676.667, y=1276.5, z=0; VEL:0, y=11.9512, z=0
+9081059708.0ns POS: x=1644.45, y=2010, z=0; VEL:0, y=0, z=0
+9081059708.0ns POS: x=1644.45, y=2010, z=0; VEL:11.986, y=0, z=0
+9104424077.0ns POS: x=1969.59, y=1343.33, z=0; VEL:0, y=0, z=0
+9104424077.0ns POS: x=1969.59, y=1343.33, z=0; VEL:11.5274, y=0, z=0
+9196533037.0ns POS: x=10, y=445.886, z=0; VEL:0, y=0, z=0
+9196533037.0ns POS: x=10, y=445.886, z=0; VEL:0, y=-12.2034, z=0
+9212891001.0ns POS: x=1205.16, y=10, z=0; VEL:0, y=0, z=0
+9212891001.0ns POS: x=1205.16, y=10, z=0; VEL:11.9605, y=0, z=0
+9444584168.0ns POS: x=1405.77, y=676.667, z=0; VEL:0, y=0, z=0
+9444584168.0ns POS: x=1405.77, y=676.667, z=0; VEL:-11.8088, y=0, z=0
+9470921674.0ns POS: x=2010, y=866.042, z=0; VEL:0, y=0, z=0
+9470921674.0ns POS: x=2010, y=866.042, z=0; VEL:0, y=11.6815, z=0
+9490895008.0ns POS: x=2010, y=588.399, z=0; VEL:0, y=0, z=0
+9490895008.0ns POS: x=2010, y=588.399, z=0; VEL:0, y=12.0312, z=0
+9498214101.0ns POS: x=1649.45, y=2010, z=0; VEL:0, y=0, z=0
+9498214101.0ns POS: x=1649.45, y=2010, z=0; VEL:11.5578, y=0, z=0
+9545379121.0ns POS: x=1668.05, y=676.667, z=0; VEL:0, y=0, z=0
+9545379121.0ns POS: x=1668.05, y=676.667, z=0; VEL:-12.1031, y=0, z=0
+9562575328.0ns POS: x=1010.29, y=676.667, z=0; VEL:0, y=0, z=0
+9562575328.0ns POS: x=1010.29, y=676.667, z=0; VEL:-11.796, y=0, z=0
+9606256022.0ns POS: x=10, y=440.886, z=0; VEL:0, y=0, z=0
+9606256022.0ns POS: x=10, y=440.886, z=0; VEL:0, y=-12.1509, z=0
+9731001398.0ns POS: x=1397.29, y=1343.33, z=0; VEL:0, y=0, z=0
+9731001398.0ns POS: x=1397.29, y=1343.33, z=0; VEL:12.153, y=0, z=0
+9754422565.0ns POS: x=2010, y=445.46, z=0; VEL:0, y=0, z=0
+9754422565.0ns POS: x=2010, y=445.46, z=0; VEL:0, y=11.8653, z=0
+9857687709.0ns POS: x=2010, y=1464.91, z=0; VEL:0, y=0, z=0
+9857687709.0ns POS: x=2010, y=1464.91, z=0; VEL:0, y=12.0472, z=0
+9898949411.0ns POS: x=2010, y=871.042, z=0; VEL:0, y=0, z=0
+9898949411.0ns POS: x=2010, y=871.042, z=0; VEL:0, y=11.7608, z=0
+9914757571.0ns POS: x=1316.69, y=1343.33, z=0; VEL:0, y=0, z=0
+9914757571.0ns POS: x=1316.69, y=1343.33, z=0; VEL:-11.8142, y=0, z=0
+9930252428.0ns POS: x=245.979, y=2010, z=0; VEL:0, y=0, z=0
+9930252428.0ns POS: x=245.979, y=2010, z=0; VEL:11.9755, y=0, z=0
